[dotenv@17.2.4] injecting env (6) from .env -- tip: ✅ audit secrets and track compliance: https://dotenvx.com/ops
[dotenv@17.2.4] injecting env (0) from .env -- tip: ⚙️  specify custom .env file path with { path: '/custom/path/.env' }
Server running on port 5050
MySQL Connected Successfully
🔐 OTP for new user (aq@gmail.com): 891729
🔐 OTP for new user (ws@gmail.com): 741283
🔐 OTP for new user (aa@gmail.com): 522189
🔐 OTP for new user (wwe@gmail.com): 272502
🔐 OTP for existing user (wwe@gmail.com): 977836
🔐 OTP for existing user (8608699799): 626306
🔐 OTP for existing user (aa@gmail.com): 850526
🔐 OTP for existing user (8608699999): 295136
🔐 OTP for existing user (8608699799): 573992
🔐 OTP for existing user (8608699799): 266053
🔐 OTP for existing user (8608699799): 116781
🔐 OTP for existing user (8608699999): 696870
🔐 OTP for existing user (8608699999): 895790
🔐 OTP for existing user (8608699799): 385423
🔐 OTP for existing user (8608699799): 182666
🔐 OTP for existing user (8608699799): 648117
🔐 OTP for existing user (8608699099): 796611
🔐 OTP for existing user (8608699999): 178426
🔐 OTP for existing user (8608699799): 162317
🔐 OTP for existing user (aa@gmail.com): 161225
🔐 OTP for existing user (8608699799): 357747
🔐 OTP for existing user (8608699099): 437208
🔐 OTP for existing user (8608699799): 657126
[dotenv@17.2.4] injecting env (6) from .env -- tip: 🛠️  run anywhere with `dotenvx run -- yourcommand`
[dotenv@17.2.4] injecting env (0) from .env -- tip: 🛠️  run anywhere with `dotenvx run -- yourcommand`
Server running on port 5050
MySQL Connected Successfully
🔐 OTP for existing user (8608699799): 719368
[dotenv@17.2.4] injecting env (6) from .env -- tip: ⚙️  specify custom .env file path with { path: '/custom/path/.env' }
[dotenv@17.2.4] injecting env (0) from .env -- tip: ⚙️  enable debug logging with { debug: true }
Server running on port 5050
MySQL Connected Successfully
🔐 OTP for existing user (8608699799): 693763
🔐 OTP for existing user (8608699099): 561492
🔐 OTP for existing user (8608699999): 965559
🔐 OTP for existing user (8608699799): 607657
🔐 OTP for existing user (8608699799): 233152
🔐 OTP for existing user (8608699799): 719627
🔐 OTP for existing user (8608699099): 191424
🔐 OTP for existing user (8608699799): 666550
🔐 OTP for existing user (8608699799): 267404
🔐 OTP for existing user (8608699799): 195747
🔐 OTP for existing user (8608699799): 315217
🔐 OTP for existing user (8608699999): 317647
🔐 OTP for existing user (8608699799): 570806
🔐 OTP for existing user (8608699799): 428101
🔐 OTP for existing user (8608699799): 609617
🔐 OTP for existing user (8608699799): 924219
🔐 OTP for existing user (8608699799): 798298
🔐 OTP for existing user (8608699799): 179260
🔐 OTP for existing user (8608699799): 376211
🔐 OTP for existing user (8608699799): 465898
🔐 OTP for existing user (8608699799): 532425
🔐 OTP for existing user (8608699799): 986830
🔐 OTP for existing user (8608699799): 302103
🔐 OTP for existing user (ws@gmail.com): 742384
🔐 OTP for existing user (8608699999): 228071
🔐 OTP for existing user (8608699799): 281123
🔐 OTP for new user (test@gmail.com): 326462
🔐 OTP for existing user (9898989898): 595767
🔐 OTP for existing user (9988776655): 718183
🔐 OTP for existing user (aq@gmail.com): 980883
🔐 OTP for existing user (wwe@gmail.com): 222036
🔐 OTP for existing user (ws@gmail.com): 872064
🔐 OTP for existing user (9898989898): 797199
🔐 OTP for existing user (8608699799): 403808
